TpTrace Verbose: 0 : 25232, 1, 2022/08/07, 11:09:22.813, 3537606513711, vstest.console.dll, Version: 17.1.0-release-20220113-05
TpTrace Information: 0 : 25232, 1, 2022/08/07, 11:09:22.828, 3537606615326, vstest.console.dll, FilePatternParser: The given file C:\JHON\Github\NewShore-Back\NewShore.Api\TestNewShore\bin\Debug\net6.0\fine-code-coverage\build-output\TestNewShore.dll is a full path.
TpTrace Verbose: 0 : 25232, 1, 2022/08/07, 11:09:22.838, 3537606715399, vstest.console.dll, TestPluginCache.DiscoverTestExtensions: finding test extensions in assemblies ends with: RuntimeProvider.dll TPluginInfo: Microsoft.VisualStudio.TestPlatform.Common.ExtensionFramework.Utilities.TestRuntimePluginInformation TExtension: Microsoft.VisualStudio.TestPlatform.ObjectModel.Host.ITestRuntimeProvider
TpTrace Verbose: 0 : 25232, 1, 2022/08/07, 11:09:22.839, 3537606719204, vstest.console.dll, TestPluginCache.GetExtensionPaths: Filtered extension paths: 
TpTrace Verbose: 0 : 25232, 1, 2022/08/07, 11:09:22.839, 3537606720111, vstest.console.dll, TestPluginCache.GetExtensionPaths: Added default extension paths: C:\Program Files\dotnet\sdk\6.0.203\Extensions\DumpMinitool.exe
C:\Program Files\dotnet\sdk\6.0.203\Extensions\DumpMinitool.x86.exe
C:\Program Files\dotnet\sdk\6.0.203\Extensions\Microsoft.Diagnostics.NETCore.Client.dll
C:\Program Files\dotnet\sdk\6.0.203\Extensions\Microsoft.TestPlatform.Extensions.BlameDataCollector.dll
C:\Program Files\dotnet\sdk\6.0.203\Extensions\Microsoft.TestPlatform.Extensions.EventLogCollector.dll
C:\Program Files\dotnet\sdk\6.0.203\Extensions\Microsoft.TestPlatform.TestHostRuntimeProvider.dll
C:\Program Files\dotnet\sdk\6.0.203\Extensions\Microsoft.VisualStudio.TestPlatform.Extensions.Html.TestLogger.dll
C:\Program Files\dotnet\sdk\6.0.203\Extensions\Microsoft.VisualStudio.TestPlatform.Extensions.Trx.TestLogger.dll
TpTrace Verbose: 0 : 25232, 1, 2022/08/07, 11:09:22.839, 3537606720346, vstest.console.dll, TestPluginCache.GetExtensionPaths: Added unfilterableExtensionPaths: 
TpTrace Information: 0 : 25232, 1, 2022/08/07, 11:09:22.840, 3537606727238, vstest.console.dll, AssemblyResolver.ctor: Creating AssemblyResolver with searchDirectories C:\Program Files\dotnet\sdk\6.0.203\Extensions,C:\Program Files\dotnet\sdk\6.0.203
TpTrace Verbose: 0 : 25232, 1, 2022/08/07, 11:09:22.841, 3537606744488, vstest.console.dll, TestPluginCache.DiscoverTestExtensions: Discovering the extensions using extension path.
TpTrace Verbose: 0 : 25232, 1, 2022/08/07, 11:09:22.842, 3537606746212, vstest.console.dll, TestPluginCache.GetExtensionPaths: Filtered extension paths: 
TpTrace Verbose: 0 : 25232, 1, 2022/08/07, 11:09:22.842, 3537606746649, vstest.console.dll, TestPluginCache.GetExtensionPaths: Added default extension paths: C:\Program Files\dotnet\sdk\6.0.203\Extensions\DumpMinitool.exe
C:\Program Files\dotnet\sdk\6.0.203\Extensions\DumpMinitool.x86.exe
C:\Program Files\dotnet\sdk\6.0.203\Extensions\Microsoft.Diagnostics.NETCore.Client.dll
C:\Program Files\dotnet\sdk\6.0.203\Extensions\Microsoft.TestPlatform.Extensions.BlameDataCollector.dll
C:\Program Files\dotnet\sdk\6.0.203\Extensions\Microsoft.TestPlatform.Extensions.EventLogCollector.dll
C:\Program Files\dotnet\sdk\6.0.203\Extensions\Microsoft.TestPlatform.TestHostRuntimeProvider.dll
C:\Program Files\dotnet\sdk\6.0.203\Extensions\Microsoft.VisualStudio.TestPlatform.Extensions.Html.TestLogger.dll
C:\Program Files\dotnet\sdk\6.0.203\Extensions\Microsoft.VisualStudio.TestPlatform.Extensions.Trx.TestLogger.dll
TpTrace Verbose: 0 : 25232, 1, 2022/08/07, 11:09:22.842, 3537606746996, vstest.console.dll, TestPluginCache.GetExtensionPaths: Added unfilterableExtensionPaths: 
TpTrace Verbose: 0 : 25232, 1, 2022/08/07, 11:09:22.842, 3537606747668, vstest.console.dll, TestPluginCache.DiscoverTestExtensions: Discovering the extensions using allExtensionPaths: C:\Program Files\dotnet\sdk\6.0.203\Extensions\DumpMinitool.exe
C:\Program Files\dotnet\sdk\6.0.203\Extensions\DumpMinitool.x86.exe
C:\Program Files\dotnet\sdk\6.0.203\Extensions\Microsoft.Diagnostics.NETCore.Client.dll
C:\Program Files\dotnet\sdk\6.0.203\Extensions\Microsoft.TestPlatform.Extensions.BlameDataCollector.dll
C:\Program Files\dotnet\sdk\6.0.203\Extensions\Microsoft.TestPlatform.Extensions.EventLogCollector.dll
C:\Program Files\dotnet\sdk\6.0.203\Extensions\Microsoft.TestPlatform.TestHostRuntimeProvider.dll
C:\Program Files\dotnet\sdk\6.0.203\Extensions\Microsoft.VisualStudio.TestPlatform.Extensions.Html.TestLogger.dll
C:\Program Files\dotnet\sdk\6.0.203\Extensions\Microsoft.VisualStudio.TestPlatform.Extensions.Trx.TestLogger.dll
TpTrace Information: 0 : 25232, 1, 2022/08/07, 11:09:22.842, 3537606750179, vstest.console.dll, AssemblyResolver.AddSearchDirectories: Adding more searchDirectories C:\Program Files\dotnet\sdk\6.0.203\Extensions,C:\Program Files\dotnet\sdk\6.0.203
TpTrace Information: 0 : 25232, 1, 2022/08/07, 11:09:22.842, 3537606750935, vstest.console.dll, AssemblyResolver.AddSearchDirectories: Adding more searchDirectories C:\Program Files\dotnet\sdk\6.0.203\Extensions,C:\Program Files\dotnet\sdk\6.0.203
TpTrace Information: 0 : 25232, 1, 2022/08/07, 11:09:22.842, 3537606751280, vstest.console.dll, AssemblyResolver.AddSearchDirectories: Adding more searchDirectories C:\Program Files\dotnet\sdk\6.0.203\Extensions,C:\Program Files\dotnet\sdk\6.0.203
TpTrace Information: 0 : 25232, 1, 2022/08/07, 11:09:22.842, 3537606751607, vstest.console.dll, AssemblyResolver.AddSearchDirectories: Adding more searchDirectories C:\Program Files\dotnet\sdk\6.0.203\Extensions,C:\Program Files\dotnet\sdk\6.0.203
TpTrace Information: 0 : 25232, 1, 2022/08/07, 11:09:22.842, 3537606751853, vstest.console.dll, AssemblyResolver.AddSearchDirectories: Adding more searchDirectories C:\Program Files\dotnet\sdk\6.0.203\Extensions,C:\Program Files\dotnet\sdk\6.0.203
TpTrace Information: 0 : 25232, 1, 2022/08/07, 11:09:22.842, 3537606752141, vstest.console.dll, AssemblyResolver.AddSearchDirectories: Adding more searchDirectories C:\Program Files\dotnet\sdk\6.0.203\Extensions,C:\Program Files\dotnet\sdk\6.0.203
TpTrace Information: 0 : 25232, 1, 2022/08/07, 11:09:22.842, 3537606752411, vstest.console.dll, AssemblyResolver.AddSearchDirectories: Adding more searchDirectories C:\Program Files\dotnet\sdk\6.0.203\Extensions,C:\Program Files\dotnet\sdk\6.0.203
TpTrace Information: 0 : 25232, 1, 2022/08/07, 11:09:22.842, 3537606752673, vstest.console.dll, AssemblyResolver.AddSearchDirectories: Adding more searchDirectories C:\Program Files\dotnet\sdk\6.0.203\Extensions,C:\Program Files\dotnet\sdk\6.0.203
TpTrace Information: 0 : 25232, 1, 2022/08/07, 11:09:22.843, 3537606756997, vstest.console.dll, AssemblyResolver.OnResolve: DumpMinitool: Resolving assembly.
TpTrace Information: 0 : 25232, 1, 2022/08/07, 11:09:22.843, 3537606757793, vstest.console.dll, AssemblyResolver.OnResolve: DumpMinitool: Searching in: 'C:\Program Files\dotnet\sdk\6.0.203\Extensions'.
TpTrace Information: 0 : 25232, 1, 2022/08/07, 11:09:22.843, 3537606759101, vstest.console.dll, AssemblyResolver.OnResolve: DumpMinitool: Assembly path does not exist: 'C:\Program Files\dotnet\sdk\6.0.203\Extensions\DumpMinitool.dll', returning.
TpTrace Information: 0 : 25232, 1, 2022/08/07, 11:09:22.845, 3537606780397, vstest.console.dll, AssemblyResolver.OnResolve: DumpMinitool: Loading assembly 'C:\Program Files\dotnet\sdk\6.0.203\Extensions\DumpMinitool.exe'.
TpTrace Information: 0 : 25232, 1, 2022/08/07, 11:09:22.846, 3537606790639, vstest.console.dll, AssemblyResolver.OnResolve: Resolved assembly: DumpMinitool, from path: C:\Program Files\dotnet\sdk\6.0.203\Extensions\DumpMinitool.exe
TpTrace Information: 0 : 25232, 1, 2022/08/07, 11:09:22.852, 3537606853106, vstest.console.dll, AssemblyResolver.OnResolve: DumpMinitool.x86: Resolving assembly.
TpTrace Information: 0 : 25232, 1, 2022/08/07, 11:09:22.852, 3537606854219, vstest.console.dll, AssemblyResolver.OnResolve: DumpMinitool.x86: Searching in: 'C:\Program Files\dotnet\sdk\6.0.203\Extensions'.
TpTrace Information: 0 : 25232, 1, 2022/08/07, 11:09:22.852, 3537606855484, vstest.console.dll, AssemblyResolver.OnResolve: DumpMinitool.x86: Assembly path does not exist: 'C:\Program Files\dotnet\sdk\6.0.203\Extensions\DumpMinitool.x86.dll', returning.
TpTrace Information: 0 : 25232, 1, 2022/08/07, 11:09:22.854, 3537606871105, vstest.console.dll, AssemblyResolver.OnResolve: DumpMinitool.x86: Loading assembly 'C:\Program Files\dotnet\sdk\6.0.203\Extensions\DumpMinitool.x86.exe'.
TpTrace Information: 0 : 25232, 1, 2022/08/07, 11:09:22.855, 3537606878460, vstest.console.dll, AssemblyResolver.OnResolve: Resolved assembly: DumpMinitool.x86, from path: C:\Program Files\dotnet\sdk\6.0.203\Extensions\DumpMinitool.x86.exe
TpTrace Information: 0 : 25232, 1, 2022/08/07, 11:09:22.855, 3537606882525, vstest.console.dll, AssemblyResolver.OnResolve: Microsoft.Diagnostics.NETCore.Client: Resolving assembly.
TpTrace Information: 0 : 25232, 1, 2022/08/07, 11:09:22.855, 3537606883179, vstest.console.dll, AssemblyResolver.OnResolve: Microsoft.Diagnostics.NETCore.Client: Searching in: 'C:\Program Files\dotnet\sdk\6.0.203\Extensions'.
TpTrace Information: 0 : 25232, 1, 2022/08/07, 11:09:22.856, 3537606895232, vstest.console.dll, AssemblyResolver.OnResolve: Microsoft.Diagnostics.NETCore.Client: Loading assembly 'C:\Program Files\dotnet\sdk\6.0.203\Extensions\Microsoft.Diagnostics.NETCore.Client.dll'.
TpTrace Information: 0 : 25232, 1, 2022/08/07, 11:09:22.858, 3537606914654, vstest.console.dll, AssemblyResolver.OnResolve: Resolved assembly: Microsoft.Diagnostics.NETCore.Client, from path: C:\Program Files\dotnet\sdk\6.0.203\Extensions\Microsoft.Diagnostics.NETCore.Client.dll
TpTrace Information: 0 : 25232, 1, 2022/08/07, 11:09:22.862, 3537606950513, vstest.console.dll, AssemblyResolver.OnResolve: Microsoft.Bcl.AsyncInterfaces: Resolving assembly.
TpTrace Information: 0 : 25232, 1, 2022/08/07, 11:09:22.862, 3537606951317, vstest.console.dll, AssemblyResolver.OnResolve: Microsoft.Bcl.AsyncInterfaces: Searching in: 'C:\Program Files\dotnet\sdk\6.0.203\Extensions'.
TpTrace Information: 0 : 25232, 1, 2022/08/07, 11:09:22.862, 3537606952132, vstest.console.dll, AssemblyResolver.OnResolve: Microsoft.Bcl.AsyncInterfaces: Assembly path does not exist: 'C:\Program Files\dotnet\sdk\6.0.203\Extensions\Microsoft.Bcl.AsyncInterfaces.dll', returning.
TpTrace Information: 0 : 25232, 1, 2022/08/07, 11:09:22.862, 3537606952576, vstest.console.dll, AssemblyResolver.OnResolve: Microsoft.Bcl.AsyncInterfaces: Assembly path does not exist: 'C:\Program Files\dotnet\sdk\6.0.203\Extensions\Microsoft.Bcl.AsyncInterfaces.exe', returning.
TpTrace Information: 0 : 25232, 1, 2022/08/07, 11:09:22.862, 3537606952792, vstest.console.dll, AssemblyResolver.OnResolve: Microsoft.Bcl.AsyncInterfaces: Searching in: 'C:\Program Files\dotnet\sdk\6.0.203'.
TpTrace Information: 0 : 25232, 1, 2022/08/07, 11:09:22.862, 3537606953281, vstest.console.dll, AssemblyResolver.OnResolve: Microsoft.Bcl.AsyncInterfaces: Assembly path does not exist: 'C:\Program Files\dotnet\sdk\6.0.203\Microsoft.Bcl.AsyncInterfaces.dll', returning.
TpTrace Information: 0 : 25232, 1, 2022/08/07, 11:09:22.862, 3537606953685, vstest.console.dll, AssemblyResolver.OnResolve: Microsoft.Bcl.AsyncInterfaces: Assembly path does not exist: 'C:\Program Files\dotnet\sdk\6.0.203\Microsoft.Bcl.AsyncInterfaces.exe', returning.
TpTrace Information: 0 : 25232, 1, 2022/08/07, 11:09:22.862, 3537606953858, vstest.console.dll, AssemblyResolver.OnResolve: Microsoft.Bcl.AsyncInterfaces: Failed to load assembly.
TpTrace Verbose: 0 : 25232, 1, 2022/08/07, 11:09:22.862, 3537606954187, vstest.console.dll, CurrentDomainAssemblyResolve: Resolving assembly 'Microsoft.Bcl.AsyncInterfaces'.
TpTrace Information: 0 : 25232, 1, 2022/08/07, 11:09:22.862, 3537606954643, vstest.console.dll, AssemblyResolver.OnResolve: Microsoft.Bcl.AsyncInterfaces: Resolving assembly.
TpTrace Information: 0 : 25232, 1, 2022/08/07, 11:09:22.862, 3537606954905, vstest.console.dll, AssemblyResolver.OnResolve: Microsoft.Bcl.AsyncInterfaces: Resolved from cache.
TpTrace Verbose: 0 : 25232, 1, 2022/08/07, 11:09:22.862, 3537606955075, vstest.console.dll, CurrentDomainAssemblyResolve: Resolving assembly 'Microsoft.Bcl.AsyncInterfaces'.
TpTrace Verbose: 0 : 25232, 1, 2022/08/07, 11:09:22.862, 3537606955365, vstest.console.dll, CurrentDomainAssemblyResolve: Failed to resolve assembly 'Microsoft.Bcl.AsyncInterfaces'.
TpTrace Verbose: 0 : 25232, 1, 2022/08/07, 11:09:22.869, 3537607017677, vstest.console.dll, CurrentDomainAssemblyResolve: Failed to resolve assembly 'Microsoft.Bcl.AsyncInterfaces'.
TpTrace Warning: 0 : 25232, 1, 2022/08/07, 11:09:22.916, 3537607486805, vstest.console.dll, TestPluginDiscoverer: Failed to get types from assembly 'Microsoft.Diagnostics.NETCore.Client, Version=0.2.5.801, Culture=neutral, PublicKeyToken=31bf3856ad364e35'.  Skipping test extension scan for this assembly.  Error: System.Reflection.ReflectionTypeLoadException: Unable to load one or more of the requested types.
Could not load file or assembly 'Microsoft.Bcl.AsyncInterfaces, Version=1.0.0.0, Culture=neutral, PublicKeyToken=cc7b13ffcd2ddd51'. The system cannot find the file specified.
   at System.Reflection.RuntimeModule.GetTypes(RuntimeModule module)
   at System.Reflection.Assembly.GetTypes()
   at Microsoft.VisualStudio.TestPlatform.Common.ExtensionFramework.TestPluginDiscoverer.GetTestExtensionsFromAssembly[TPluginInfo,TExtension](Assembly assembly, Dictionary`2 pluginInfos)
System.IO.FileNotFoundException: Could not load file or assembly 'Microsoft.Bcl.AsyncInterfaces, Version=1.0.0.0, Culture=neutral, PublicKeyToken=cc7b13ffcd2ddd51'. The system cannot find the file specified.
File name: 'Microsoft.Bcl.AsyncInterfaces, Version=1.0.0.0, Culture=neutral, PublicKeyToken=cc7b13ffcd2ddd51'
 ---> System.IO.FileNotFoundException: Could not load file or assembly 'Microsoft.Bcl.AsyncInterfaces, Culture=neutral, PublicKeyToken=null'. The system cannot find the file specified.
File name: 'Microsoft.Bcl.AsyncInterfaces, Culture=neutral, PublicKeyToken=null'
   at System.Reflection.RuntimeAssembly.InternalLoad(ObjectHandleOnStack assemblyName, ObjectHandleOnStack requestingAssembly, StackCrawlMarkHandle stackMark, Boolean throwOnFileNotFound, ObjectHandleOnStack assemblyLoadContext, ObjectHandleOnStack retAssembly)
   at System.Reflection.RuntimeAssembly.InternalLoad(AssemblyName assemblyName, RuntimeAssembly requestingAssembly, StackCrawlMark& stackMark, Boolean throwOnFileNotFound, AssemblyLoadContext assemblyLoadContext)
   at System.Reflection.Assembly.Load(AssemblyName assemblyRef)
   at Microsoft.VisualStudio.TestPlatform.Common.ExtensionFramework.TestPluginCache.CurrentDomainAssemblyResolve(Object sender, AssemblyResolveEventArgs args)
   at Microsoft.VisualStudio.TestPlatform.PlatformAbstractions.PlatformAssemblyResolver.AssemblyResolverEvent(Object sender, Object eventArgs)
   at System.Runtime.Loader.AssemblyLoadContext.GetFirstResolvedAssemblyFromResolvingEvent(AssemblyName assemblyName)
   at System.Runtime.Loader.AssemblyLoadContext.ResolveUsingEvent(AssemblyName assemblyName)
   at System.Runtime.Loader.AssemblyLoadContext.ResolveUsingResolvingEvent(IntPtr gchManagedAssemblyLoadContext, AssemblyName assemblyName)
TpTrace Warning: 0 : 25232, 1, 2022/08/07, 11:09:22.916, 3537607488766, vstest.console.dll, LoaderExceptions: System.IO.FileNotFoundException: Could not load file or assembly 'Microsoft.Bcl.AsyncInterfaces, Version=1.0.0.0, Culture=neutral, PublicKeyToken=cc7b13ffcd2ddd51'. The system cannot find the file specified.
File name: 'Microsoft.Bcl.AsyncInterfaces, Version=1.0.0.0, Culture=neutral, PublicKeyToken=cc7b13ffcd2ddd51'
 ---> System.IO.FileNotFoundException: Could not load file or assembly 'Microsoft.Bcl.AsyncInterfaces, Culture=neutral, PublicKeyToken=null'. The system cannot find the file specified.
File name: 'Microsoft.Bcl.AsyncInterfaces, Culture=neutral, PublicKeyToken=null'
   at System.Reflection.RuntimeAssembly.InternalLoad(ObjectHandleOnStack assemblyName, ObjectHandleOnStack requestingAssembly, StackCrawlMarkHandle stackMark, Boolean throwOnFileNotFound, ObjectHandleOnStack assemblyLoadContext, ObjectHandleOnStack retAssembly)
   at System.Reflection.RuntimeAssembly.InternalLoad(AssemblyName assemblyName, RuntimeAssembly requestingAssembly, StackCrawlMark& stackMark, Boolean throwOnFileNotFound, AssemblyLoadContext assemblyLoadContext)
   at System.Reflection.Assembly.Load(AssemblyName assemblyRef)
   at Microsoft.VisualStudio.TestPlatform.Common.ExtensionFramework.TestPluginCache.CurrentDomainAssemblyResolve(Object sender, AssemblyResolveEventArgs args)
   at Microsoft.VisualStudio.TestPlatform.PlatformAbstractions.PlatformAssemblyResolver.AssemblyResolverEvent(Object sender, Object eventArgs)
   at System.Runtime.Loader.AssemblyLoadContext.GetFirstResolvedAssemblyFromResolvingEvent(AssemblyName assemblyName)
   at System.Runtime.Loader.AssemblyLoadContext.ResolveUsingEvent(AssemblyName assemblyName)
   at System.Runtime.Loader.AssemblyLoadContext.ResolveUsingResolvingEvent(IntPtr gchManagedAssemblyLoadContext, AssemblyName assemblyName)
TpTrace Information: 0 : 25232, 1, 2022/08/07, 11:09:22.916, 3537607490042, vstest.console.dll, AssemblyResolver.OnResolve: Microsoft.TestPlatform.Extensions.BlameDataCollector: Resolving assembly.
TpTrace Information: 0 : 25232, 1, 2022/08/07, 11:09:22.916, 3537607490341, vstest.console.dll, AssemblyResolver.OnResolve: Microsoft.TestPlatform.Extensions.BlameDataCollector: Searching in: 'C:\Program Files\dotnet\sdk\6.0.203\Extensions'.
TpTrace Information: 0 : 25232, 1, 2022/08/07, 11:09:22.917, 3537607501416, vstest.console.dll, AssemblyResolver.OnResolve: Microsoft.TestPlatform.Extensions.BlameDataCollector: Loading assembly 'C:\Program Files\dotnet\sdk\6.0.203\Extensions\Microsoft.TestPlatform.Extensions.BlameDataCollector.dll'.
TpTrace Information: 0 : 25232, 1, 2022/08/07, 11:09:22.918, 3537607513301, vstest.console.dll, AssemblyResolver.OnResolve: Resolved assembly: Microsoft.TestPlatform.Extensions.BlameDataCollector, from path: C:\Program Files\dotnet\sdk\6.0.203\Extensions\Microsoft.TestPlatform.Extensions.BlameDataCollector.dll
TpTrace Information: 0 : 25232, 1, 2022/08/07, 11:09:22.919, 3537607523585, vstest.console.dll, AssemblyResolver.OnResolve: Microsoft.TestPlatform.Extensions.EventLogCollector: Resolving assembly.
TpTrace Information: 0 : 25232, 1, 2022/08/07, 11:09:22.919, 3537607524143, vstest.console.dll, AssemblyResolver.OnResolve: Microsoft.TestPlatform.Extensions.EventLogCollector: Searching in: 'C:\Program Files\dotnet\sdk\6.0.203\Extensions'.
TpTrace Information: 0 : 25232, 1, 2022/08/07, 11:09:22.920, 3537607531679, vstest.console.dll, AssemblyResolver.OnResolve: Microsoft.TestPlatform.Extensions.EventLogCollector: Loading assembly 'C:\Program Files\dotnet\sdk\6.0.203\Extensions\Microsoft.TestPlatform.Extensions.EventLogCollector.dll'.
TpTrace Information: 0 : 25232, 1, 2022/08/07, 11:09:22.921, 3537607537768, vstest.console.dll, AssemblyResolver.OnResolve: Resolved assembly: Microsoft.TestPlatform.Extensions.EventLogCollector, from path: C:\Program Files\dotnet\sdk\6.0.203\Extensions\Microsoft.TestPlatform.Extensions.EventLogCollector.dll
TpTrace Information: 0 : 25232, 1, 2022/08/07, 11:09:22.922, 3537607550665, vstest.console.dll, AssemblyResolver.OnResolve: Microsoft.TestPlatform.TestHostRuntimeProvider: Resolving assembly.
TpTrace Information: 0 : 25232, 1, 2022/08/07, 11:09:22.922, 3537607551279, vstest.console.dll, AssemblyResolver.OnResolve: Microsoft.TestPlatform.TestHostRuntimeProvider: Searching in: 'C:\Program Files\dotnet\sdk\6.0.203\Extensions'.
TpTrace Information: 0 : 25232, 1, 2022/08/07, 11:09:22.923, 3537607557645, vstest.console.dll, AssemblyResolver.OnResolve: Microsoft.TestPlatform.TestHostRuntimeProvider: Loading assembly 'C:\Program Files\dotnet\sdk\6.0.203\Extensions\Microsoft.TestPlatform.TestHostRuntimeProvider.dll'.
TpTrace Information: 0 : 25232, 1, 2022/08/07, 11:09:22.924, 3537607569824, vstest.console.dll, AssemblyResolver.OnResolve: Resolved assembly: Microsoft.TestPlatform.TestHostRuntimeProvider, from path: C:\Program Files\dotnet\sdk\6.0.203\Extensions\Microsoft.TestPlatform.TestHostRuntimeProvider.dll
TpTrace Information: 0 : 25232, 1, 2022/08/07, 11:09:22.925, 3537607579210, vstest.console.dll, AssemblyResolver.OnResolve: Microsoft.VisualStudio.TestPlatform.Extensions.Html.TestLogger: Resolving assembly.
TpTrace Information: 0 : 25232, 1, 2022/08/07, 11:09:22.925, 3537607579715, vstest.console.dll, AssemblyResolver.OnResolve: Microsoft.VisualStudio.TestPlatform.Extensions.Html.TestLogger: Searching in: 'C:\Program Files\dotnet\sdk\6.0.203\Extensions'.
TpTrace Information: 0 : 25232, 1, 2022/08/07, 11:09:22.926, 3537607590886, vstest.console.dll, AssemblyResolver.OnResolve: Microsoft.VisualStudio.TestPlatform.Extensions.Html.TestLogger: Loading assembly 'C:\Program Files\dotnet\sdk\6.0.203\Extensions\Microsoft.VisualStudio.TestPlatform.Extensions.Html.TestLogger.dll'.
TpTrace Information: 0 : 25232, 1, 2022/08/07, 11:09:22.927, 3537607599979, vstest.console.dll, AssemblyResolver.OnResolve: Resolved assembly: Microsoft.VisualStudio.TestPlatform.Extensions.Html.TestLogger, from path: C:\Program Files\dotnet\sdk\6.0.203\Extensions\Microsoft.VisualStudio.TestPlatform.Extensions.Html.TestLogger.dll
TpTrace Information: 0 : 25232, 1, 2022/08/07, 11:09:22.927, 3537607603934, vstest.console.dll, AssemblyResolver.OnResolve: Microsoft.VisualStudio.TestPlatform.Extensions.Trx.TestLogger: Resolving assembly.
TpTrace Information: 0 : 25232, 1, 2022/08/07, 11:09:22.927, 3537607604375, vstest.console.dll, AssemblyResolver.OnResolve: Microsoft.VisualStudio.TestPlatform.Extensions.Trx.TestLogger: Searching in: 'C:\Program Files\dotnet\sdk\6.0.203\Extensions'.
TpTrace Information: 0 : 25232, 1, 2022/08/07, 11:09:22.929, 3537607618168, vstest.console.dll, AssemblyResolver.OnResolve: Microsoft.VisualStudio.TestPlatform.Extensions.Trx.TestLogger: Loading assembly 'C:\Program Files\dotnet\sdk\6.0.203\Extensions\Microsoft.VisualStudio.TestPlatform.Extensions.Trx.TestLogger.dll'.
TpTrace Information: 0 : 25232, 1, 2022/08/07, 11:09:22.930, 3537607631219, vstest.console.dll, AssemblyResolver.OnResolve: Resolved assembly: Microsoft.VisualStudio.TestPlatform.Extensions.Trx.TestLogger, from path: C:\Program Files\dotnet\sdk\6.0.203\Extensions\Microsoft.VisualStudio.TestPlatform.Extensions.Trx.TestLogger.dll
TpTrace Verbose: 0 : 25232, 1, 2022/08/07, 11:09:22.931, 3537607639714, vstest.console.dll, TestPluginCache: Discovered the extensions using extension path ''.
TpTrace Verbose: 0 : 25232, 1, 2022/08/07, 11:09:22.931, 3537607640251, vstest.console.dll, TestPluginCache: Discoverers are ''.
TpTrace Verbose: 0 : 25232, 1, 2022/08/07, 11:09:22.931, 3537607640417, vstest.console.dll, TestPluginCache: Executors are ''.
TpTrace Verbose: 0 : 25232, 1, 2022/08/07, 11:09:22.931, 3537607640556, vstest.console.dll, TestPluginCache: Executors2 are ''.
TpTrace Verbose: 0 : 25232, 1, 2022/08/07, 11:09:22.931, 3537607640695, vstest.console.dll, TestPluginCache: Setting providers are ''.
TpTrace Verbose: 0 : 25232, 1, 2022/08/07, 11:09:22.931, 3537607640834, vstest.console.dll, TestPluginCache: Loggers are ''.
TpTrace Information: 0 : 25232, 1, 2022/08/07, 11:09:22.936, 3537607688720, vstest.console.dll, RunTestsArgumentProcessor:Execute: Test run is starting.
TpTrace Verbose: 0 : 25232, 1, 2022/08/07, 11:09:22.936, 3537607689580, vstest.console.dll, RunTestsArgumentProcessor:Execute: Queuing Test run.
TpTrace Information: 0 : 25232, 1, 2022/08/07, 11:09:22.936, 3537607690918, vstest.console.dll, TestRequestManager.RunTests: run tests started.
TpTrace Information: 0 : 25232, 1, 2022/08/07, 11:09:22.940, 3537607733962, vstest.console.dll, AssemblyMetadataProvider.GetFrameWork: Determined framework:'.NETCoreApp,Version=v6.0' for source: 'C:\JHON\Github\NewShore-Back\NewShore.Api\TestNewShore\bin\Debug\net6.0\fine-code-coverage\build-output\TestNewShore.dll'
TpTrace Information: 0 : 25232, 1, 2022/08/07, 11:09:22.940, 3537607735528, vstest.console.dll, Determined framework for all sources: .NETCoreApp,Version=v6.0
TpTrace Verbose: 0 : 25232, 1, 2022/08/07, 11:09:22.941, 3537607738414, vstest.console.dll, Default architecture: X64 IsDefaultTargetArchitecture: True
TpTrace Information: 0 : 25232, 1, 2022/08/07, 11:09:22.941, 3537607745059, vstest.console.dll, AssemblyMetadataProvider.GetArchitecture: Determined architecture:AnyCPU info for assembly: C:\JHON\Github\NewShore-Back\NewShore.Api\TestNewShore\bin\Debug\net6.0\fine-code-coverage\build-output\TestNewShore.dll
TpTrace Information: 0 : 25232, 1, 2022/08/07, 11:09:22.941, 3537607745491, vstest.console.dll, Determined platform for source 'C:\JHON\Github\NewShore-Back\NewShore.Api\TestNewShore\bin\Debug\net6.0\fine-code-coverage\build-output\TestNewShore.dll' is 'AnyCPU'
TpTrace Information: 0 : 25232, 1, 2022/08/07, 11:09:22.943, 3537607758339, vstest.console.dll, Determined platform for all sources: X64
TpTrace Information: 0 : 25232, 1, 2022/08/07, 11:09:22.943, 3537607758871, vstest.console.dll, Infered platform 'X64'.
TpTrace Information: 0 : 25232, 1, 2022/08/07, 11:09:22.943, 3537607759081, vstest.console.dll, Platform update to 'X64' required.
TpTrace Information: 0 : 25232, 1, 2022/08/07, 11:09:22.945, 3537607776045, vstest.console.dll, Compatible sources list : 
TpTrace Information: 0 : 25232, 1, 2022/08/07, 11:09:22.945, 3537607776553, vstest.console.dll, C:\JHON\Github\NewShore-Back\NewShore.Api\TestNewShore\bin\Debug\net6.0\fine-code-coverage\build-output\TestNewShore.dll
TpTrace Information: 0 : 25232, 1, 2022/08/07, 11:09:22.949, 3537607821167, vstest.console.dll, InferRunSettingsHelper.IsTestSettingsEnabled: Unable to navigate to RunSettings/MSTest. Current node: RunSettings
TpTrace Information: 0 : 25232, 1, 2022/08/07, 11:09:22.950, 3537607827369, vstest.console.dll, AssemblyResolver.OnResolve: Microsoft.VisualStudio.TestPlatform.Fakes: Resolving assembly.
TpTrace Information: 0 : 25232, 1, 2022/08/07, 11:09:22.950, 3537607827855, vstest.console.dll, AssemblyResolver.OnResolve: Microsoft.VisualStudio.TestPlatform.Fakes: Searching in: 'C:\Program Files\dotnet\sdk\6.0.203\Extensions'.
TpTrace Information: 0 : 25232, 1, 2022/08/07, 11:09:22.950, 3537607828952, vstest.console.dll, AssemblyResolver.OnResolve: Microsoft.VisualStudio.TestPlatform.Fakes: Assembly path does not exist: 'C:\Program Files\dotnet\sdk\6.0.203\Extensions\Microsoft.VisualStudio.TestPlatform.Fakes.dll', returning.
TpTrace Information: 0 : 25232, 1, 2022/08/07, 11:09:22.950, 3537607829510, vstest.console.dll, AssemblyResolver.OnResolve: Microsoft.VisualStudio.TestPlatform.Fakes: Assembly path does not exist: 'C:\Program Files\dotnet\sdk\6.0.203\Extensions\Microsoft.VisualStudio.TestPlatform.Fakes.exe', returning.
TpTrace Information: 0 : 25232, 1, 2022/08/07, 11:09:22.950, 3537607829686, vstest.console.dll, AssemblyResolver.OnResolve: Microsoft.VisualStudio.TestPlatform.Fakes: Searching in: 'C:\Program Files\dotnet\sdk\6.0.203'.
TpTrace Information: 0 : 25232, 1, 2022/08/07, 11:09:22.950, 3537607830141, vstest.console.dll, AssemblyResolver.OnResolve: Microsoft.VisualStudio.TestPlatform.Fakes: Assembly path does not exist: 'C:\Program Files\dotnet\sdk\6.0.203\Microsoft.VisualStudio.TestPlatform.Fakes.dll', returning.
TpTrace Information: 0 : 25232, 1, 2022/08/07, 11:09:22.950, 3537607830578, vstest.console.dll, AssemblyResolver.OnResolve: Microsoft.VisualStudio.TestPlatform.Fakes: Assembly path does not exist: 'C:\Program Files\dotnet\sdk\6.0.203\Microsoft.VisualStudio.TestPlatform.Fakes.exe', returning.
TpTrace Information: 0 : 25232, 1, 2022/08/07, 11:09:22.950, 3537607830752, vstest.console.dll, AssemblyResolver.OnResolve: Microsoft.VisualStudio.TestPlatform.Fakes: Failed to load assembly.
TpTrace Information: 0 : 25232, 1, 2022/08/07, 11:09:22.950, 3537607832699, vstest.console.dll, Failed to load assembly Microsoft.VisualStudio.TestPlatform.Fakes, Version=17.0.0.0, Culture=neutral. Reason:System.IO.FileNotFoundException: Could not load file or assembly 'Microsoft.VisualStudio.TestPlatform.Fakes, Version=17.0.0.0, Culture=neutral, PublicKeyToken=null'. The system cannot find the file specified.
File name: 'Microsoft.VisualStudio.TestPlatform.Fakes, Version=17.0.0.0, Culture=neutral, PublicKeyToken=null'
   at System.Reflection.RuntimeAssembly.InternalLoad(ObjectHandleOnStack assemblyName, ObjectHandleOnStack requestingAssembly, StackCrawlMarkHandle stackMark, Boolean throwOnFileNotFound, ObjectHandleOnStack assemblyLoadContext, ObjectHandleOnStack retAssembly)
   at System.Reflection.RuntimeAssembly.InternalLoad(AssemblyName assemblyName, RuntimeAssembly requestingAssembly, StackCrawlMark& stackMark, Boolean throwOnFileNotFound, AssemblyLoadContext assemblyLoadContext)
   at System.Reflection.Assembly.Load(AssemblyName assemblyRef)
   at Microsoft.VisualStudio.TestPlatform.Common.Utilities.FakesUtilities.LoadTestPlatformAssembly()
TpTrace Verbose: 0 : 25232, 1, 2022/08/07, 11:09:22.955, 3537607883318, vstest.console.dll, TestPluginCache.DiscoverTestExtensions: finding test extensions in assemblies ends with: TestLogger.dll TPluginInfo: Microsoft.VisualStudio.TestPlatform.Common.ExtensionFramework.Utilities.TestLoggerPluginInformation TExtension: Microsoft.VisualStudio.TestPlatform.ObjectModel.Client.ITestLogger
TpTrace Verbose: 0 : 25232, 1, 2022/08/07, 11:09:22.955, 3537607884211, vstest.console.dll, TestPluginCache.GetExtensionPaths: Filtered extension paths: 
TpTrace Verbose: 0 : 25232, 1, 2022/08/07, 11:09:22.955, 3537607884444, vstest.console.dll, TestPluginCache.GetExtensionPaths: Added default extension paths: C:\Program Files\dotnet\sdk\6.0.203\Extensions\DumpMinitool.exe
C:\Program Files\dotnet\sdk\6.0.203\Extensions\DumpMinitool.x86.exe
C:\Program Files\dotnet\sdk\6.0.203\Extensions\Microsoft.Diagnostics.NETCore.Client.dll
C:\Program Files\dotnet\sdk\6.0.203\Extensions\Microsoft.TestPlatform.Extensions.BlameDataCollector.dll
C:\Program Files\dotnet\sdk\6.0.203\Extensions\Microsoft.TestPlatform.Extensions.EventLogCollector.dll
C:\Program Files\dotnet\sdk\6.0.203\Extensions\Microsoft.TestPlatform.TestHostRuntimeProvider.dll
C:\Program Files\dotnet\sdk\6.0.203\Extensions\Microsoft.VisualStudio.TestPlatform.Extensions.Html.TestLogger.dll
C:\Program Files\dotnet\sdk\6.0.203\Extensions\Microsoft.VisualStudio.TestPlatform.Extensions.Trx.TestLogger.dll
TpTrace Verbose: 0 : 25232, 1, 2022/08/07, 11:09:22.955, 3537607884669, vstest.console.dll, TestPluginCache.GetExtensionPaths: Added unfilterableExtensionPaths: 
TpTrace Information: 0 : 25232, 1, 2022/08/07, 11:09:22.956, 3537607885945, vstest.console.dll, AssemblyResolver.AddSearchDirectories: Adding more searchDirectories C:\Program Files\dotnet\sdk\6.0.203\Extensions,C:\Program Files\dotnet\sdk\6.0.203
TpTrace Verbose: 0 : 25232, 1, 2022/08/07, 11:09:22.956, 3537607886257, vstest.console.dll, TestPluginCache.DiscoverTestExtensions: Discovering the extensions using extension path.
TpTrace Verbose: 0 : 25232, 1, 2022/08/07, 11:09:22.956, 3537607886506, vstest.console.dll, TestPluginCache.GetExtensionPaths: Filtered extension paths: 
TpTrace Verbose: 0 : 25232, 1, 2022/08/07, 11:09:22.956, 3537607886672, vstest.console.dll, TestPluginCache.GetExtensionPaths: Added default extension paths: C:\Program Files\dotnet\sdk\6.0.203\Extensions\DumpMinitool.exe
C:\Program Files\dotnet\sdk\6.0.203\Extensions\DumpMinitool.x86.exe
C:\Program Files\dotnet\sdk\6.0.203\Extensions\Microsoft.Diagnostics.NETCore.Client.dll
C:\Program Files\dotnet\sdk\6.0.203\Extensions\Microsoft.TestPlatform.Extensions.BlameDataCollector.dll
C:\Program Files\dotnet\sdk\6.0.203\Extensions\Microsoft.TestPlatform.Extensions.EventLogCollector.dll
C:\Program Files\dotnet\sdk\6.0.203\Extensions\Microsoft.TestPlatform.TestHostRuntimeProvider.dll
C:\Program Files\dotnet\sdk\6.0.203\Extensions\Microsoft.VisualStudio.TestPlatform.Extensions.Html.TestLogger.dll
C:\Program Files\dotnet\sdk\6.0.203\Extensions\Microsoft.VisualStudio.TestPlatform.Extensions.Trx.TestLogger.dll
TpTrace Verbose: 0 : 25232, 1, 2022/08/07, 11:09:22.956, 3537607886867, vstest.console.dll, TestPluginCache.GetExtensionPaths: Added unfilterableExtensionPaths: 
TpTrace Verbose: 0 : 25232, 1, 2022/08/07, 11:09:22.956, 3537607887038, vstest.console.dll, TestPluginCache.DiscoverTestExtensions: Discovering the extensions using allExtensionPaths: C:\Program Files\dotnet\sdk\6.0.203\Extensions\DumpMinitool.exe
C:\Program Files\dotnet\sdk\6.0.203\Extensions\DumpMinitool.x86.exe
C:\Program Files\dotnet\sdk\6.0.203\Extensions\Microsoft.Diagnostics.NETCore.Client.dll
C:\Program Files\dotnet\sdk\6.0.203\Extensions\Microsoft.TestPlatform.Extensions.BlameDataCollector.dll
C:\Program Files\dotnet\sdk\6.0.203\Extensions\Microsoft.TestPlatform.Extensions.EventLogCollector.dll
C:\Program Files\dotnet\sdk\6.0.203\Extensions\Microsoft.TestPlatform.TestHostRuntimeProvider.dll
C:\Program Files\dotnet\sdk\6.0.203\Extensions\Microsoft.VisualStudio.TestPlatform.Extensions.Html.TestLogger.dll
C:\Program Files\dotnet\sdk\6.0.203\Extensions\Microsoft.VisualStudio.TestPlatform.Extensions.Trx.TestLogger.dll
TpTrace Information: 0 : 25232, 1, 2022/08/07, 11:09:22.956, 3537607887784, vstest.console.dll, AssemblyResolver.AddSearchDirectories: Adding more searchDirectories C:\Program Files\dotnet\sdk\6.0.203\Extensions,C:\Program Files\dotnet\sdk\6.0.203
TpTrace Information: 0 : 25232, 1, 2022/08/07, 11:09:22.956, 3537607888002, vstest.console.dll, AssemblyResolver.AddSearchDirectories: Adding more searchDirectories C:\Program Files\dotnet\sdk\6.0.203\Extensions,C:\Program Files\dotnet\sdk\6.0.203
TpTrace Information: 0 : 25232, 1, 2022/08/07, 11:09:22.956, 3537607888165, vstest.console.dll, AssemblyResolver.AddSearchDirectories: Adding more searchDirectories C:\Program Files\dotnet\sdk\6.0.203\Extensions,C:\Program Files\dotnet\sdk\6.0.203
TpTrace Information: 0 : 25232, 1, 2022/08/07, 11:09:22.956, 3537607888350, vstest.console.dll, AssemblyResolver.AddSearchDirectories: Adding more searchDirectories C:\Program Files\dotnet\sdk\6.0.203\Extensions,C:\Program Files\dotnet\sdk\6.0.203
TpTrace Information: 0 : 25232, 1, 2022/08/07, 11:09:22.956, 3537607888513, vstest.console.dll, AssemblyResolver.AddSearchDirectories: Adding more searchDirectories C:\Program Files\dotnet\sdk\6.0.203\Extensions,C:\Program Files\dotnet\sdk\6.0.203
TpTrace Information: 0 : 25232, 1, 2022/08/07, 11:09:22.956, 3537607888669, vstest.console.dll, AssemblyResolver.AddSearchDirectories: Adding more searchDirectories C:\Program Files\dotnet\sdk\6.0.203\Extensions,C:\Program Files\dotnet\sdk\6.0.203
TpTrace Information: 0 : 25232, 1, 2022/08/07, 11:09:22.956, 3537607888842, vstest.console.dll, AssemblyResolver.AddSearchDirectories: Adding more searchDirectories C:\Program Files\dotnet\sdk\6.0.203\Extensions,C:\Program Files\dotnet\sdk\6.0.203
TpTrace Information: 0 : 25232, 1, 2022/08/07, 11:09:22.956, 3537607888999, vstest.console.dll, AssemblyResolver.AddSearchDirectories: Adding more searchDirectories C:\Program Files\dotnet\sdk\6.0.203\Extensions,C:\Program Files\dotnet\sdk\6.0.203
TpTrace Information: 0 : 25232, 1, 2022/08/07, 11:09:22.956, 3537607891247, vstest.console.dll, AssemblyResolver.OnResolve: Microsoft.Bcl.AsyncInterfaces: Resolving assembly.
TpTrace Information: 0 : 25232, 1, 2022/08/07, 11:09:22.956, 3537607891786, vstest.console.dll, AssemblyResolver.OnResolve: Microsoft.Bcl.AsyncInterfaces: Resolved from cache.
TpTrace Verbose: 0 : 25232, 1, 2022/08/07, 11:09:22.956, 3537607891983, vstest.console.dll, CurrentDomainAssemblyResolve: Resolving assembly 'Microsoft.Bcl.AsyncInterfaces'.
TpTrace Information: 0 : 25232, 1, 2022/08/07, 11:09:22.956, 3537607892238, vstest.console.dll, AssemblyResolver.OnResolve: Microsoft.Bcl.AsyncInterfaces: Resolving assembly.
TpTrace Information: 0 : 25232, 1, 2022/08/07, 11:09:22.956, 3537607892409, vstest.console.dll, AssemblyResolver.OnResolve: Microsoft.Bcl.AsyncInterfaces: Resolved from cache.
TpTrace Verbose: 0 : 25232, 1, 2022/08/07, 11:09:22.956, 3537607892572, vstest.console.dll, CurrentDomainAssemblyResolve: Resolving assembly 'Microsoft.Bcl.AsyncInterfaces'.
TpTrace Verbose: 0 : 25232, 1, 2022/08/07, 11:09:22.956, 3537607892719, vstest.console.dll, CurrentDomainAssemblyResolve: Failed to resolve assembly 'Microsoft.Bcl.AsyncInterfaces'.
TpTrace Verbose: 0 : 25232, 1, 2022/08/07, 11:09:22.956, 3537607893807, vstest.console.dll, CurrentDomainAssemblyResolve: Failed to resolve assembly 'Microsoft.Bcl.AsyncInterfaces'.
TpTrace Warning: 0 : 25232, 1, 2022/08/07, 11:09:22.957, 3537607896141, vstest.console.dll, TestPluginDiscoverer: Failed to get types from assembly 'Microsoft.Diagnostics.NETCore.Client, Version=0.2.5.801, Culture=neutral, PublicKeyToken=31bf3856ad364e35'.  Skipping test extension scan for this assembly.  Error: System.Reflection.ReflectionTypeLoadException: Unable to load one or more of the requested types.
Could not load file or assembly 'Microsoft.Bcl.AsyncInterfaces, Version=1.0.0.0, Culture=neutral, PublicKeyToken=cc7b13ffcd2ddd51'. The system cannot find the file specified.
   at System.Reflection.RuntimeModule.GetTypes(RuntimeModule module)
   at System.Reflection.Assembly.GetTypes()
   at Microsoft.VisualStudio.TestPlatform.Common.ExtensionFramework.TestPluginDiscoverer.GetTestExtensionsFromAssembly[TPluginInfo,TExtension](Assembly assembly, Dictionary`2 pluginInfos)
System.IO.FileNotFoundException: Could not load file or assembly 'Microsoft.Bcl.AsyncInterfaces, Version=1.0.0.0, Culture=neutral, PublicKeyToken=cc7b13ffcd2ddd51'. The system cannot find the file specified.
File name: 'Microsoft.Bcl.AsyncInterfaces, Version=1.0.0.0, Culture=neutral, PublicKeyToken=cc7b13ffcd2ddd51'
 ---> System.IO.FileNotFoundException: Could not load file or assembly 'Microsoft.Bcl.AsyncInterfaces, Culture=neutral, PublicKeyToken=null'. The system cannot find the file specified.
File name: 'Microsoft.Bcl.AsyncInterfaces, Culture=neutral, PublicKeyToken=null'
   at System.Reflection.RuntimeAssembly.InternalLoad(ObjectHandleOnStack assemblyName, ObjectHandleOnStack requestingAssembly, StackCrawlMarkHandle stackMark, Boolean throwOnFileNotFound, ObjectHandleOnStack assemblyLoadContext, ObjectHandleOnStack retAssembly)
   at System.Reflection.RuntimeAssembly.InternalLoad(AssemblyName assemblyName, RuntimeAssembly requestingAssembly, StackCrawlMark& stackMark, Boolean throwOnFileNotFound, AssemblyLoadContext assemblyLoadContext)
   at System.Reflection.Assembly.Load(AssemblyName assemblyRef)
   at Microsoft.VisualStudio.TestPlatform.Common.ExtensionFramework.TestPluginCache.CurrentDomainAssemblyResolve(Object sender, AssemblyResolveEventArgs args)
   at Microsoft.VisualStudio.TestPlatform.PlatformAbstractions.PlatformAssemblyResolver.AssemblyResolverEvent(Object sender, Object eventArgs)
   at System.Runtime.Loader.AssemblyLoadContext.GetFirstResolvedAssemblyFromResolvingEvent(AssemblyName assemblyName)
   at System.Runtime.Loader.AssemblyLoadContext.ResolveUsingEvent(AssemblyName assemblyName)
   at System.Runtime.Loader.AssemblyLoadContext.ResolveUsingResolvingEvent(IntPtr gchManagedAssemblyLoadContext, AssemblyName assemblyName)
TpTrace Warning: 0 : 25232, 1, 2022/08/07, 11:09:22.957, 3537607897045, vstest.console.dll, LoaderExceptions: System.IO.FileNotFoundException: Could not load file or assembly 'Microsoft.Bcl.AsyncInterfaces, Version=1.0.0.0, Culture=neutral, PublicKeyToken=cc7b13ffcd2ddd51'. The system cannot find the file specified.
File name: 'Microsoft.Bcl.AsyncInterfaces, Version=1.0.0.0, Culture=neutral, PublicKeyToken=cc7b13ffcd2ddd51'
 ---> System.IO.FileNotFoundException: Could not load file or assembly 'Microsoft.Bcl.AsyncInterfaces, Culture=neutral, PublicKeyToken=null'. The system cannot find the file specified.
File name: 'Microsoft.Bcl.AsyncInterfaces, Culture=neutral, PublicKeyToken=null'
   at System.Reflection.RuntimeAssembly.InternalLoad(ObjectHandleOnStack assemblyName, ObjectHandleOnStack requestingAssembly, StackCrawlMarkHandle stackMark, Boolean throwOnFileNotFound, ObjectHandleOnStack assemblyLoadContext, ObjectHandleOnStack retAssembly)
   at System.Reflection.RuntimeAssembly.InternalLoad(AssemblyName assemblyName, RuntimeAssembly requestingAssembly, StackCrawlMark& stackMark, Boolean throwOnFileNotFound, AssemblyLoadContext assemblyLoadContext)
   at System.Reflection.Assembly.Load(AssemblyName assemblyRef)
   at Microsoft.VisualStudio.TestPlatform.Common.ExtensionFramework.TestPluginCache.CurrentDomainAssemblyResolve(Object sender, AssemblyResolveEventArgs args)
   at Microsoft.VisualStudio.TestPlatform.PlatformAbstractions.PlatformAssemblyResolver.AssemblyResolverEvent(Object sender, Object eventArgs)
   at System.Runtime.Loader.AssemblyLoadContext.GetFirstResolvedAssemblyFromResolvingEvent(AssemblyName assemblyName)
   at System.Runtime.Loader.AssemblyLoadContext.ResolveUsingEvent(AssemblyName assemblyName)
   at System.Runtime.Loader.AssemblyLoadContext.ResolveUsingResolvingEvent(IntPtr gchManagedAssemblyLoadContext, AssemblyName assemblyName)
TpTrace Verbose: 0 : 25232, 1, 2022/08/07, 11:09:22.957, 3537607899383, vstest.console.dll, TestPluginCache: Discovered the extensions using extension path ''.
TpTrace Verbose: 0 : 25232, 1, 2022/08/07, 11:09:22.957, 3537607899689, vstest.console.dll, TestPluginCache: Discoverers are ''.
TpTrace Verbose: 0 : 25232, 1, 2022/08/07, 11:09:22.957, 3537607899839, vstest.console.dll, TestPluginCache: Executors are ''.
TpTrace Verbose: 0 : 25232, 1, 2022/08/07, 11:09:22.957, 3537607899979, vstest.console.dll, TestPluginCache: Executors2 are ''.
TpTrace Verbose: 0 : 25232, 1, 2022/08/07, 11:09:22.957, 3537607900116, vstest.console.dll, TestPluginCache: Setting providers are ''.
TpTrace Verbose: 0 : 25232, 1, 2022/08/07, 11:09:22.957, 3537607900525, vstest.console.dll, TestPluginCache: Loggers are 'logger://Microsoft/TestPlatform/Extensions/Blame/v1,logger://Microsoft/TestPlatform/HtmlLogger/v1,logger://Microsoft/TestPlatform/TrxLogger/v1'.
TpTrace Information: 0 : 25232, 1, 2022/08/07, 11:09:22.957, 3537607904850, vstest.console.dll, TestPluginManager.CreateTestExtension: Attempting to load test extension: Microsoft.TestPlatform.Extensions.BlameDataCollector.BlameLogger
TpTrace Information: 0 : 25232, 1, 2022/08/07, 11:09:22.963, 3537607961978, vstest.console.dll, TestPluginManager.CreateTestExtension: Attempting to load test extension: Microsoft.VisualStudio.TestPlatform.CrossPlatEngine.Hosting.DefaultTestHostManager
TpTrace Information: 0 : 25232, 1, 2022/08/07, 11:09:22.965, 3537607981169, vstest.console.dll, TestPluginManager.CreateTestExtension: Attempting to load test extension: Microsoft.VisualStudio.TestPlatform.CrossPlatEngine.Hosting.DotnetTestHostManager
TpTrace Verbose: 0 : 25232, 1, 2022/08/07, 11:09:22.966, 3537607986398, vstest.console.dll, TestEngine: Initializing Parallel Execution as MaxCpuCount is set to: 1
TpTrace Information: 0 : 25232, 1, 2022/08/07, 11:09:22.966, 3537607993522, vstest.console.dll, InferRunSettingsHelper.IsTestSettingsEnabled: Unable to navigate to RunSettings/MSTest. Current node: RunSettings
TpTrace Verbose: 0 : 25232, 1, 2022/08/07, 11:09:22.989, 3537608216166, vstest.console.dll, TestRequestSender is acting as server
TpTrace Verbose: 0 : 25232, 5, 2022/08/07, 11:09:22.992, 3537608249931, vstest.console.dll, DataCollectionRequestSender.InitializeCommunication : Initialize communication. 
TpTrace Information: 0 : 25232, 5, 2022/08/07, 11:09:23.005, 3537608376086, vstest.console.dll, Listening on Endpoint : 127.0.0.1:55925
TpTrace Verbose: 0 : 25232, 5, 2022/08/07, 11:09:23.014, 3537608466502, vstest.console.dll, DotnetDataCollectionLauncher: Full path of dotnet.exe is C:\Program Files\dotnet\dotnet.exe
TpTrace Verbose: 0 : 25232, 5, 2022/08/07, 11:09:23.014, 3537608471115, vstest.console.dll, DotnetDataCollectionLauncher: Adding  --runtimeconfig "C:\Program Files\dotnet\sdk\6.0.203\datacollector.runtimeconfig.json" in args
TpTrace Verbose: 0 : 25232, 5, 2022/08/07, 11:09:23.015, 3537608476901, vstest.console.dll, DotnetDataCollectionLauncher: Adding  --depsfile "C:\Program Files\dotnet\sdk\6.0.203\datacollector.deps.json" in args
TpTrace Information: 0 : 25232, 5, 2022/08/07, 11:09:23.071, 3537609043535, vstest.console.dll, ProxyDataCollectionManager.Initialize: Launched datacollector processId: 25876 port: 55925
TpTrace Information: 0 : 25232, 5, 2022/08/07, 11:09:23.072, 3537609052789, vstest.console.dll, ProxyDataCollectionManager.Initialize: waiting for connection with timeout: 90 seconds
TpTrace Verbose: 0 : 25232, 5, 2022/08/07, 11:09:23.072, 3537609054338, vstest.console.dll, DataCollectionRequestSender.WaitForRequestHandlerConnection : Waiting for connection with timeout: 90000
TpTrace Information: 0 : 25232, 8, 2022/08/07, 11:09:23.376, 3537612095072, vstest.console.dll, Using the buffer size of 16384 bytes
TpTrace Verbose: 0 : 25232, 5, 2022/08/07, 11:09:23.377, 3537612095996, vstest.console.dll, ProxyDataCollectionManager.InvokeDataCollectionServiceAction: Starting.
TpTrace Information: 0 : 25232, 8, 2022/08/07, 11:09:23.377, 3537612096309, vstest.console.dll, Accepted Client request and set the flag
TpTrace Information: 0 : 25232, 5, 2022/08/07, 11:09:23.377, 3537612097303, vstest.console.dll, ProxyDataCollectionManager.BeforeTestRunStart: Get environment variable and port for datacollector processId: 25876 port: 55925
TpTrace Verbose: 0 : 25232, 5, 2022/08/07, 11:09:23.377, 3537612098800, vstest.console.dll, DataCollectionRequestSender.SendBeforeTestRunStartAndGetResult : Send BeforeTestRunStart message with settingsXml <RunSettings><RunConfiguration><ResultsDirectory>C:\JHON\Github\NewShore-Back\NewShore.Api\TestNewShore\bin\Debug\net6.0\fine-code-coverage\coverage-tool-output</ResultsDirectory><TargetPlatform>X64</TargetPlatform><TargetFrameworkVersion>.NETCoreApp,Version=v6.0</TargetFrameworkVersion><DesignMode>False</DesignMode><CollectSourceInformation>False</CollectSourceInformation><TestAdaptersPaths>C:\Program Files\dotnet\sdk\6.0.203\Extensions</TestAdaptersPaths></RunConfiguration><LoggerRunSettings><Loggers><Logger friendlyName="blame" enabled="True" /><Logger friendlyName="Console" uri="logger://microsoft/TestPlatform/ConsoleLogger/v1" assemblyQualifiedName="Microsoft.VisualStudio.TestPlatform.CommandLine.Internal.ConsoleLogger, vstest.console, Version=15.0.0.0, Culture=neutral, PublicKeyToken=b03f5f7f11d50a3a" codeBase="C:\Program Files\dotnet\sdk\6.0.203\vstest.console.dll" enabled="True" /></Loggers></LoggerRunSettings><DataCollectionRunSettings><DataCollectors><DataCollector friendlyName="blame" enabled="True"><Configuration><ResultsDirectory>C:\JHON\Github\NewShore-Back\NewShore.Api\TestNewShore\bin\Debug\net6.0\fine-code-coverage\coverage-tool-output</ResultsDirectory></Configuration></DataCollector></DataCollectors></DataCollectionRunSettings></RunSettings> and sources System.Linq.Enumerable+Concat2Iterator`1[System.String]: 
TpTrace Verbose: 0 : 25232, 5, 2022/08/07, 11:09:23.456, 3537612887158, vstest.console.dll, DataCollectionRequestSender.SendBeforeTestRunStartAndGetResult : Received message: (DataCollection.SendMessage) -> {
  "FriendlyName": null,
  "Uri": null,
  "TestCaseId": "00000000-0000-0000-0000-000000000000",
  "Message": "Logging DataCollector Diagnostics in file: C:\\JHON\\Github\\NewShore-Back\\NewShore.Api\\TestNewShore\\bin\\Debug\\net6.0\\fine-code-coverage\\coverage-tool-output\\diagnostics.datacollector.22-08-07_11-09-23_01139_5.log",
  "Level": 0
}
TpTrace Verbose: 0 : 25232, 5, 2022/08/07, 11:09:23.576, 3537614095250, vstest.console.dll, DataCollectionRequestSender.SendBeforeTestRunStartAndGetResult : Received message: (DataCollection.BeforeTestRunStartResult) -> {
  "EnvironmentVariables": {},
  "DataCollectionEventsPort": 55928
}
TpTrace Information: 0 : 25232, 5, 2022/08/07, 11:09:23.582, 3537614151336, vstest.console.dll, ProxyDataCollectionManager.BeforeTestRunStart: SendBeforeTestRunStartAndGetResult successful, env variable from datacollector:   and testhost port: 55928
TpTrace Information: 0 : 25232, 5, 2022/08/07, 11:09:23.582, 3537614152780, vstest.console.dll, ProxyDataCollectionManager.InvokeDataCollectionServiceAction: Completed.
TpTrace Verbose: 0 : 25232, 1, 2022/08/07, 11:09:23.582, 3537614154233, vstest.console.dll, TestRunRequest.ExecuteAsync: Creating test run request.
TpTrace Verbose: 0 : 25232, 1, 2022/08/07, 11:09:23.583, 3537614157285, vstest.console.dll, TestRunRequest.ExecuteAsync: Starting.
TpTrace Information: 0 : 25232, 1, 2022/08/07, 11:09:23.583, 3537614161964, vstest.console.dll, TestRunRequest.ExecuteAsync: Starting run with settings:TestRunCriteria:
   KeepAlive=False,FrequencyOfRunStatsChangeEvent=10,RunStatsChangeEventTimeout=00:00:01.5000000,TestCaseFilter=,TestExecutorLauncher=
   Settingsxml=<RunSettings>
  <RunConfiguration>
    <ResultsDirectory>C:\JHON\Github\NewShore-Back\NewShore.Api\TestNewShore\bin\Debug\net6.0\fine-code-coverage\coverage-tool-output</ResultsDirectory>
    <TargetPlatform>X64</TargetPlatform>
    <TargetFrameworkVersion>.NETCoreApp,Version=v6.0</TargetFrameworkVersion>
    <DesignMode>False</DesignMode>
    <CollectSourceInformation>False</CollectSourceInformation>
  </RunConfiguration>
  <LoggerRunSettings>
    <Loggers>
      <Logger friendlyName="blame" enabled="True" />
      <Logger friendlyName="Console" uri="logger://microsoft/TestPlatform/ConsoleLogger/v1" assemblyQualifiedName="Microsoft.VisualStudio.TestPlatform.CommandLine.Internal.ConsoleLogger, vstest.console, Version=15.0.0.0, Culture=neutral, PublicKeyToken=b03f5f7f11d50a3a" codeBase="C:\Program Files\dotnet\sdk\6.0.203\vstest.console.dll" enabled="True" />
    </Loggers>
  </LoggerRunSettings>
  <DataCollectionRunSettings>
    <DataCollectors>
      <DataCollector friendlyName="blame" enabled="True">
        <Configuration>
          <ResultsDirectory>C:\JHON\Github\NewShore-Back\NewShore.Api\TestNewShore\bin\Debug\net6.0\fine-code-coverage\coverage-tool-output</ResultsDirectory>
        </Configuration>
      </DataCollector>
    </DataCollectors>
  </DataCollectionRunSettings>
</RunSettings>

TpTrace Verbose: 0 : 25232, 1, 2022/08/07, 11:09:23.583, 3537614162850, vstest.console.dll, TestRunRequest.ExecuteAsync: Wait for the first run request is over.
TpTrace Verbose: 0 : 25232, 1, 2022/08/07, 11:09:23.584, 3537614168976, vstest.console.dll, ParallelProxyExecutionManager: Start execution. Total sources: 1
TpTrace Information: 0 : 25232, 1, 2022/08/07, 11:09:23.584, 3537614175544, vstest.console.dll, ProxyParallelExecutionManager: Triggering test run for next source: C:\JHON\Github\NewShore-Back\NewShore.Api\TestNewShore\bin\Debug\net6.0\fine-code-coverage\build-output\TestNewShore.dll
TpTrace Verbose: 0 : 25232, 5, 2022/08/07, 11:09:23.585, 3537614177263, vstest.console.dll, ParallelProxyExecutionManager: Execution started. Started clients: 1
TpTrace Verbose: 0 : 25232, 1, 2022/08/07, 11:09:23.585, 3537614177824, vstest.console.dll, ProxyParallelExecutionManager: No sources available for execution.
TpTrace Information: 0 : 25232, 1, 2022/08/07, 11:09:23.585, 3537614178364, vstest.console.dll, TestRunRequest.ExecuteAsync: Started.
TpTrace Verbose: 0 : 25232, 1, 2022/08/07, 11:09:23.585, 3537614179168, vstest.console.dll, TestRunRequest.WaitForCompletion: Waiting with timeout -1.
TpTrace Verbose: 0 : 25232, 5, 2022/08/07, 11:09:23.585, 3537614180717, vstest.console.dll, TestRunRequest:SendTestRunMessage: Starting.
TpTrace Information: 0 : 25232, 5, 2022/08/07, 11:09:23.585, 3537614181801, vstest.console.dll, TestRunRequest:SendTestRunMessage: Completed.
TpTrace Verbose: 0 : 25232, 5, 2022/08/07, 11:09:23.585, 3537614183654, vstest.console.dll, ProxyExecutionManager: Test host is always Lazy initialize.
TpTrace Verbose: 0 : 25232, 5, 2022/08/07, 11:09:23.585, 3537614185543, vstest.console.dll, TestRequestSender.InitializeCommunication: initialize communication. 
TpTrace Information: 0 : 25232, 5, 2022/08/07, 11:09:23.586, 3537614194847, vstest.console.dll, SocketServer.Start: Listening on endpoint : 127.0.0.1:55929
TpTrace Verbose: 0 : 25232, 5, 2022/08/07, 11:09:23.587, 3537614205560, vstest.console.dll, DotnetTestHostmanager.GetTestHostProcessStartInfo: Platform environment 'X64' target architecture 'X64' framework '.NETCoreApp,Version=v6.0' OS 'Windows'
TpTrace Verbose: 0 : 25232, 5, 2022/08/07, 11:09:23.588, 3537614208793, vstest.console.dll, DotnetTestHostmanager: Adding  --runtimeconfig "C:\JHON\Github\NewShore-Back\NewShore.Api\TestNewShore\bin\Debug\net6.0\fine-code-coverage\build-output\TestNewShore.runtimeconfig.json" in args
TpTrace Verbose: 0 : 25232, 5, 2022/08/07, 11:09:23.588, 3537614211633, vstest.console.dll, DotnetTestHostmanager: Adding  --depsfile "C:\JHON\Github\NewShore-Back\NewShore.Api\TestNewShore\bin\Debug\net6.0\fine-code-coverage\build-output\TestNewShore.deps.json" in args
TpTrace Verbose: 0 : 25232, 5, 2022/08/07, 11:09:23.591, 3537614238432, vstest.console.dll, DotnetTestHostmanager.IsWinOnArm: Current PROCESSOR_ARCHITECTURE from registry 'AMD64'
TpTrace Verbose: 0 : 25232, 5, 2022/08/07, 11:09:23.591, 3537614240179, vstest.console.dll, DotnetTestHostmanager.IsWinOnArm: Is Windows on ARM 'False'
TpTrace Verbose: 0 : 25232, 5, 2022/08/07, 11:09:23.591, 3537614242738, vstest.console.dll, DotnetTestHostManager: testhost.exe found at path: C:\JHON\Github\NewShore-Back\NewShore.Api\TestNewShore\bin\Debug\net6.0\fine-code-coverage\build-output\testhost.exe
TpTrace Verbose: 0 : 25232, 5, 2022/08/07, 11:09:23.591, 3537614243551, vstest.console.dll, DotnetTestHostmanager: Full path of host exe is C:\JHON\Github\NewShore-Back\NewShore.Api\TestNewShore\bin\Debug\net6.0\fine-code-coverage\build-output\testhost.exe
TpTrace Verbose: 0 : 25232, 5, 2022/08/07, 11:09:23.591, 3537614245138, vstest.console.dll, DotnetTestHostmanager.LaunchTestHostAsync: Found 'VSTEST_WINAPPHOST_DOTNET_ROOT' in env variables, value 'C:\Program Files\dotnet'
TpTrace Verbose: 0 : 25232, 7, 2022/08/07, 11:09:23.592, 3537614253871, vstest.console.dll, DotnetTestHostManager: Starting process 'C:\JHON\Github\NewShore-Back\NewShore.Api\TestNewShore\bin\Debug\net6.0\fine-code-coverage\build-output\testhost.exe' with command line ' --runtimeconfig "C:\JHON\Github\NewShore-Back\NewShore.Api\TestNewShore\bin\Debug\net6.0\fine-code-coverage\build-output\TestNewShore.runtimeconfig.json" --depsfile "C:\JHON\Github\NewShore-Back\NewShore.Api\TestNewShore\bin\Debug\net6.0\fine-code-coverage\build-output\TestNewShore.deps.json" --port 55929 --endpoint 127.0.0.1:055929 --role client --parentprocessid 25232 --diag "C:\JHON\Github\NewShore-Back\NewShore.Api\TestNewShore\bin\Debug\net6.0\fine-code-coverage\coverage-tool-output\diagnostics.host.22-08-07_11-09-23_58729_5.log" --tracelevel 4 --datacollectionport 55928 --telemetryoptedin false'
TpTrace Verbose: 0 : 25232, 7, 2022/08/07, 11:09:23.667, 3537614996371, vstest.console.dll, Test Runtime launched
TpTrace Verbose: 0 : 25232, 5, 2022/08/07, 11:09:23.667, 3537615004238, vstest.console.dll, TestRequestSender.WaitForRequestHandlerConnection: waiting for connection with timeout: 90000
TpTrace Verbose: 0 : 25232, 7, 2022/08/07, 11:09:24.167, 3537619999854, vstest.console.dll, SocketServer.OnClientConnected: Client connected for endPoint: 127.0.0.1:55929, starting MessageLoopAsync:
TpTrace Verbose: 0 : 25232, 14, 2022/08/07, 11:09:24.167, 3537620003586, vstest.console.dll, TcpClientExtensions.MessageLoopAsync: Polling on remoteEndPoint: 127.0.0.1:55930 localEndPoint: 127.0.0.1:55929
TpTrace Verbose: 0 : 25232, 5, 2022/08/07, 11:09:24.168, 3537620012161, vstest.console.dll, TestRequestSender.CheckVersionWithTestHost: Sending check version message: {"MessageType":"ProtocolVersion","Payload":5}
TpTrace Verbose: 0 : 25232, 14, 2022/08/07, 11:09:24.335, 3537621678205, vstest.console.dll, TcpClientExtensions.MessageLoopAsync: NotifyDataAvailable remoteEndPoint: 127.0.0.1:55930 localEndPoint: 127.0.0.1:55929
TpTrace Verbose: 0 : 25232, 14, 2022/08/07, 11:09:24.335, 3537621681636, vstest.console.dll, TestRequestSender.CheckVersionWithTestHost: onMessageReceived received message: (ProtocolVersion) -> 5
TpTrace Verbose: 0 : 25232, 14, 2022/08/07, 11:09:24.335, 3537621685379, vstest.console.dll, TcpClientExtensions.MessageLoopAsync: Polling on remoteEndPoint: 127.0.0.1:55930 localEndPoint: 127.0.0.1:55929
TpTrace Verbose: 0 : 25232, 5, 2022/08/07, 11:09:24.336, 3537621687311, vstest.console.dll, TestPluginCache.GetExtensionPaths: Filtered extension paths: 
TpTrace Verbose: 0 : 25232, 5, 2022/08/07, 11:09:24.336, 3537621688178, vstest.console.dll, TestPluginCache.GetExtensionPaths: Added default extension paths: C:\Program Files\dotnet\sdk\6.0.203\Extensions\DumpMinitool.exe
C:\Program Files\dotnet\sdk\6.0.203\Extensions\DumpMinitool.x86.exe
C:\Program Files\dotnet\sdk\6.0.203\Extensions\Microsoft.Diagnostics.NETCore.Client.dll
C:\Program Files\dotnet\sdk\6.0.203\Extensions\Microsoft.TestPlatform.Extensions.BlameDataCollector.dll
C:\Program Files\dotnet\sdk\6.0.203\Extensions\Microsoft.TestPlatform.Extensions.EventLogCollector.dll
C:\Program Files\dotnet\sdk\6.0.203\Extensions\Microsoft.TestPlatform.TestHostRuntimeProvider.dll
C:\Program Files\dotnet\sdk\6.0.203\Extensions\Microsoft.VisualStudio.TestPlatform.Extensions.Html.TestLogger.dll
C:\Program Files\dotnet\sdk\6.0.203\Extensions\Microsoft.VisualStudio.TestPlatform.Extensions.Trx.TestLogger.dll
TpTrace Verbose: 0 : 25232, 5, 2022/08/07, 11:09:24.336, 3537621688614, vstest.console.dll, TestPluginCache.GetExtensionPaths: Added unfilterableExtensionPaths: 
TpTrace Verbose: 0 : 25232, 5, 2022/08/07, 11:09:24.340, 3537621729855, vstest.console.dll, TestRequestSender.InitializeExecution: Sending initialize execution with message: {"Version":5,"MessageType":"TestExecution.Initialize","Payload":["C:\\JHON\\Github\\NewShore-Back\\NewShore.Api\\TestNewShore\\bin\\Debug\\net6.0\\fine-code-coverage\\build-output\\Microsoft.VisualStudio.TestPlatform.MSTest.TestAdapter.dll"]}
TpTrace Warning: 0 : 25232, 5, 2022/08/07, 11:09:24.340, 3537621734093, vstest.console.dll, InferRunSettingsHelper.MakeRunsettingsCompatible: Removing the following settings: TargetPlatform from RunSettings file. To use those settings please move to latest version of Microsoft.NET.Test.Sdk
TpTrace Verbose: 0 : 25232, 14, 2022/08/07, 11:09:24.346, 3537621788665, vstest.console.dll, TcpClientExtensions.MessageLoopAsync: NotifyDataAvailable remoteEndPoint: 127.0.0.1:55930 localEndPoint: 127.0.0.1:55929
TpTrace Verbose: 0 : 25232, 14, 2022/08/07, 11:09:24.346, 3537621790442, vstest.console.dll, TestRequestSender.OnExecutionMessageReceived: Received message: {"Version":5,"MessageType":"TestSession.Message","Payload":{"MessageLevel":0,"Message":"Logging TestHost Diagnostics in file: C:\\JHON\\Github\\NewShore-Back\\NewShore.Api\\TestNewShore\\bin\\Debug\\net6.0\\fine-code-coverage\\coverage-tool-output\\diagnostics.host.22-08-07_11-09-23_58729_5.log"}}
TpTrace Verbose: 0 : 25232, 14, 2022/08/07, 11:09:24.348, 3537621811592, vstest.console.dll, TestRunRequest:SendTestRunMessage: Starting.
TpTrace Information: 0 : 25232, 14, 2022/08/07, 11:09:24.348, 3537621812805, vstest.console.dll, TestRunRequest:SendTestRunMessage: Completed.
TpTrace Verbose: 0 : 25232, 14, 2022/08/07, 11:09:24.348, 3537621813246, vstest.console.dll, TcpClientExtensions.MessageLoopAsync: Polling on remoteEndPoint: 127.0.0.1:55930 localEndPoint: 127.0.0.1:55929
TpTrace Verbose: 0 : 25232, 5, 2022/08/07, 11:09:24.366, 3537621986434, vstest.console.dll, TestRequestSender.StartTestRun: Sending test run with message: {"Version":5,"MessageType":"TestExecution.StartWithSources","Payload":{"AdapterSourceMap":{"_none_":["C:\\JHON\\Github\\NewShore-Back\\NewShore.Api\\TestNewShore\\bin\\Debug\\net6.0\\fine-code-coverage\\build-output\\TestNewShore.dll"]},"RunSettings":"<RunSettings>\r\n  <RunConfiguration>\r\n    <ResultsDirectory>C:\\JHON\\Github\\NewShore-Back\\NewShore.Api\\TestNewShore\\bin\\Debug\\net6.0\\fine-code-coverage\\coverage-tool-output</ResultsDirectory>\r\n    <TargetFrameworkVersion>.NETCoreApp,Version=v6.0</TargetFrameworkVersion>\r\n    <DesignMode>False</DesignMode>\r\n    <CollectSourceInformation>False</CollectSourceInformation>\r\n  </RunConfiguration>\r\n  <LoggerRunSettings>\r\n    <Loggers>\r\n      <Logger friendlyName=\"blame\" enabled=\"True\" />\r\n      <Logger friendlyName=\"Console\" uri=\"logger://microsoft/TestPlatform/ConsoleLogger/v1\" assemblyQualifiedName=\"Microsoft.VisualStudio.TestPlatform.CommandLine.Internal.ConsoleLogger, vstest.console, Version=15.0.0.0, Culture=neutral, PublicKeyToken=b03f5f7f11d50a3a\" codeBase=\"C:\\Program Files\\dotnet\\sdk\\6.0.203\\vstest.console.dll\" enabled=\"True\" />\r\n    </Loggers>\r\n  </LoggerRunSettings>\r\n  <DataCollectionRunSettings>\r\n    <DataCollectors>\r\n      <DataCollector friendlyName=\"blame\" enabled=\"True\">\r\n        <Configuration>\r\n          <ResultsDirectory>C:\\JHON\\Github\\NewShore-Back\\NewShore.Api\\TestNewShore\\bin\\Debug\\net6.0\\fine-code-coverage\\coverage-tool-output</ResultsDirectory>\r\n        </Configuration>\r\n      </DataCollector>\r\n    </DataCollectors>\r\n  </DataCollectionRunSettings>\r\n</RunSettings>","TestExecutionContext":{"FrequencyOfRunStatsChangeEvent":10,"RunStatsChangeEventTimeout":"00:00:01.5000000","InIsolation":false,"KeepAlive":false,"AreTestCaseLevelEventsRequired":false,"IsDebug":false,"TestCaseFilter":null,"FilterOptions":null},"Package":null}}
TpTrace Verbose: 0 : 25232, 14, 2022/08/07, 11:09:24.889, 3537627224024, vstest.console.dll, TcpClientExtensions.MessageLoopAsync: NotifyDataAvailable remoteEndPoint: 127.0.0.1:55930 localEndPoint: 127.0.0.1:55929
TpTrace Verbose: 0 : 25232, 14, 2022/08/07, 11:09:24.890, 3537627228744, vstest.console.dll, TestRequestSender.OnExecutionMessageReceived: Received message: {"Version":5,"MessageType":"TestExecution.Completed","Payload":{"TestRunCompleteArgs":{"TestRunStatistics":{"ExecutedTests":2,"Stats":{"Passed":2}},"IsCanceled":false,"IsAborted":false,"Error":null,"AttachmentSets":[],"ElapsedTimeInRunningTests":"00:00:00.3598294","Metrics":{}},"LastRunTests":{"NewTestResults":[{"TestCase":{"Id":"1c7e275a-9268-1f6e-6414-b787c40ade11","FullyQualifiedName":"TestNewShore.Api.Controllers.FlightsControllerTest.MethodReturnOkToConsultFlightsRoutes","DisplayName":"MethodReturnOkToConsultFlightsRoutes","ExecutorUri":"executor://MSTestAdapter/v2","Source":"C:\\JHON\\Github\\NewShore-Back\\NewShore.Api\\TestNewShore\\bin\\Debug\\net6.0\\fine-code-coverage\\build-output\\TestNewShore.dll","CodeFilePath":null,"LineNumber":-1,"Properties":[{"Key":{"Id":"TestCase.ManagedType","Label":"ManagedType","Category":"","Description":"","Attributes":1,"ValueType":"System.String"},"Value":"TestNewShore.Api.Controllers.FlightsControllerTest"},{"Key":{"Id":"TestCase.ManagedMethod","Label":"ManagedMethod","Category":"","Description":"","Attributes":1,"ValueType":"System.String"},"Value":"MethodReturnOkToConsultFlightsRoutes"},{"Key":{"Id":"MSTestDiscoverer.TestClassName","Label":"ClassName","Category":"","Description":"","Attributes":1,"ValueType":"System.String"},"Value":"TestNewShore.Api.Controllers.FlightsControllerTest"},{"Key":{"Id":"TestCase.Hierarchy","Label":"Hierarchy","Category":"","Description":"","Attributes":2,"ValueType":"System.String[]"},"Value":["TestNewShore.Api.Controllers","FlightsControllerTest"]},{"Key":{"Id":"TestObject.Traits","Label":"Traits","Category":"","Description":"","Attributes":5,"ValueType":"System.Collections.Generic.KeyValuePair`2[[System.String],[System.String]][]"},"Value":[]}]},"Attachments":[],"Outcome":1,"ErrorMessage":null,"ErrorStackTrace":null,"DisplayName":"MethodReturnOkToConsultFlightsRoutes","Messages":[],"ComputerName":null,"Duration":"00:00:00.1178488","StartTime":"2022-08-07T11:09:24.6850057-05:00","EndTime":"2022-08-07T11:09:24.8207874-05:00","Properties":[{"Key":{"Id":"ExecutionId","Label":"ExecutionId","Category":"","Description":"","Attributes":1,"ValueType":"System.Guid"},"Value":"00000000-0000-0000-0000-000000000000"},{"Key":{"Id":"ParentExecId","Label":"ParentExecId","Category":"","Description":"","Attributes":1,"ValueType":"System.Guid"},"Value":"00000000-0000-0000-0000-000000000000"},{"Key":{"Id":"InnerResultsCount","Label":"InnerResultsCount","Category":"","Description":"","Attributes":1,"ValueType":"System.Int32"},"Value":0}]},{"TestCase":{"Id":"bd2493ea-3470-bd81-9e31-9c694122b51d","FullyQualifiedName":"TestNewShore.Api.Controllers.FlightsControllerTest.MethodReturnNullToConsultFlightsRoutes","DisplayName":"MethodReturnNullToConsultFlightsRoutes","ExecutorUri":"executor://MSTestAdapter/v2","Source":"C:\\JHON\\Github\\NewShore-Back\\NewShore.Api\\TestNewShore\\bin\\Debug\\net6.0\\fine-code-coverage\\build-output\\TestNewShore.dll","CodeFilePath":null,"LineNumber":-1,"Properties":[{"Key":{"Id":"TestCase.ManagedType","Label":"ManagedType","Category":"","Description":"","Attributes":1,"ValueType":"System.String"},"Value":"TestNewShore.Api.Controllers.FlightsControllerTest"},{"Key":{"Id":"TestCase.ManagedMethod","Label":"ManagedMethod","Category":"","Description":"","Attributes":1,"ValueType":"System.String"},"Value":"MethodReturnNullToConsultFlightsRoutes"},{"Key":{"Id":"MSTestDiscoverer.TestClassName","Label":"ClassName","Category":"","Description":"","Attributes":1,"ValueType":"System.String"},"Value":"TestNewShore.Api.Controllers.FlightsControllerTest"},{"Key":{"Id":"TestCase.Hierarchy","Label":"Hierarchy","Category":"","Description":"","Attributes":2,"ValueType":"System.String[]"},"Value":["TestNewShore.Api.Controllers","FlightsControllerTest"]},{"Key":{"Id":"TestObject.Traits","Label":"Traits","Category":"","Description":"","Attributes":5,"ValueType":"System.Collections.Generic.KeyValuePair`2[[System.String],[System.String]][]"},"Value":[]}]},"Attachments":[],"Outcome":1,"ErrorMessage":null,"ErrorStackTrace":null,"DisplayName":"MethodReturnNullToConsultFlightsRoutes","Messages":[],"ComputerName":null,"Duration":"00:00:00.0011813","StartTime":"2022-08-07T11:09:24.8424986-05:00","EndTime":"2022-08-07T11:09:24.8439208-05:00","Properties":[{"Key":{"Id":"ExecutionId","Label":"ExecutionId","Category":"","Description":"","Attributes":1,"ValueType":"System.Guid"},"Value":"00000000-0000-0000-0000-000000000000"},{"Key":{"Id":"ParentExecId","Label":"ParentExecId","Category":"","Description":"","Attributes":1,"ValueType":"System.Guid"},"Value":"00000000-0000-0000-0000-000000000000"},{"Key":{"Id":"InnerResultsCount","Label":"InnerResultsCount","Category":"","Description":"","Attributes":1,"ValueType":"System.Int32"},"Value":0}]}],"TestRunStatistics":{"ExecutedTests":2,"Stats":{"Passed":2}},"ActiveTests":[]},"RunAttachments":[],"ExecutorUris":["executor://mstestadapter/v2"]}}
TpTrace Verbose: 0 : 25232, 14, 2022/08/07, 11:09:24.895, 3537627279337, vstest.console.dll, TestRequestSender.EndSession: Sending end session.
TpTrace Verbose: 0 : 25232, 14, 2022/08/07, 11:09:24.895, 3537627281794, vstest.console.dll, ProxyOperationManager.Close: waiting for test host to exit for 100 ms
TpTrace Warning: 0 : 25232, 13, 2022/08/07, 11:09:24.934, 3537627672591, vstest.console.dll, TestHostManagerCallbacks.ErrorReceivedCallback Test host standard error line: 
TpTrace Verbose: 0 : 25232, 8, 2022/08/07, 11:09:24.941, 3537627740665, vstest.console.dll, TestHostProvider.ExitCallBack: Host exited starting callback.
TpTrace Information: 0 : 25232, 8, 2022/08/07, 11:09:24.942, 3537627747904, vstest.console.dll, TestHostManagerCallbacks.ExitCallBack: Testhost processId: 21516 exited with exitcode: 0 error: ''
TpTrace Verbose: 0 : 25232, 8, 2022/08/07, 11:09:24.942, 3537627748825, vstest.console.dll, DotnetTestHostManager.OnHostExited: invoking OnHostExited callback
TpTrace Verbose: 0 : 25232, 8, 2022/08/07, 11:09:24.942, 3537627749391, vstest.console.dll, CrossPlatEngine.TestHostManagerHostExited: calling on client process exit callback.
TpTrace Information: 0 : 25232, 8, 2022/08/07, 11:09:24.942, 3537627750035, vstest.console.dll, TestRequestSender.OnClientProcessExit: Test host process exited. Standard error: 
TpTrace Information: 0 : 25232, 8, 2022/08/07, 11:09:24.942, 3537627750475, vstest.console.dll, SocketServer.Stop: Stop server endPoint: 127.0.0.1:55929
TpTrace Information: 0 : 25232, 8, 2022/08/07, 11:09:24.942, 3537627750861, vstest.console.dll, SocketServer.Stop: Cancellation requested. Stopping message loop.
TpTrace Information: 0 : 25232, 14, 2022/08/07, 11:09:24.942, 3537627750880, vstest.console.dll, SocketServer.Stop: Stop server endPoint: 127.0.0.1:55929
TpTrace Information: 0 : 25232, 14, 2022/08/07, 11:09:24.942, 3537627751737, vstest.console.dll, SocketServer.Stop: Cancellation requested. Stopping message loop.
TpTrace Information: 0 : 25232, 14, 2022/08/07, 11:09:24.942, 3537627752204, vstest.console.dll, Closing the connection
TpTrace Warning: 0 : 25232, 14, 2022/08/07, 11:09:24.942, 3537627752430, vstest.console.dll, ProxyOperationManager: Timed out waiting for test host to exit. Will terminate process.
TpTrace Verbose: 0 : 25232, 14, 2022/08/07, 11:09:24.943, 3537627758776, vstest.console.dll, ProxyDataCollectionManager.InvokeDataCollectionServiceAction: Starting.
TpTrace Information: 0 : 25232, 14, 2022/08/07, 11:09:24.943, 3537627759344, vstest.console.dll, ProxyDataCollectionManager.AfterTestRunEnd: Get attachment set for datacollector processId: 25876 port: 55925
TpTrace Verbose: 0 : 25232, 14, 2022/08/07, 11:09:24.943, 3537627759944, vstest.console.dll, DataCollectionRequestSender.SendAfterTestRunStartAndGetResult : Send AfterTestRunEnd message with isCancelled: False
TpTrace Verbose: 0 : 25232, 14, 2022/08/07, 11:09:24.947, 3537627802665, vstest.console.dll, DataCollectionRequestSender.SendAfterTestRunStartAndGetResult : Received message: (DataCollection.AfterTestRunEndResult) -> {
  "AttachmentSets": [],
  "Metrics": {}
}
TpTrace Information: 0 : 25232, 14, 2022/08/07, 11:09:24.951, 3537627836709, vstest.console.dll, ProxyDataCollectionManager.InvokeDataCollectionServiceAction: Completed.
TpTrace Warning: 0 : 25232, 10, 2022/08/07, 11:09:24.955, 3537627884592, vstest.console.dll, DataCollectionLauncher.ErrorReceivedCallback datacollector standard error line: 
TpTrace Information: 0 : 25232, 8, 2022/08/07, 11:09:24.961, 3537627938372, vstest.console.dll, DataCollectionLauncher.ExitCallBack: Data collector exited with exitcode: 0 error: ''
TpTrace Verbose: 0 : 25232, 14, 2022/08/07, 11:09:25.041, 3537628741700, vstest.console.dll, TestRunRequest:SendTestRunStatsChange: Starting.
TpTrace Information: 0 : 25232, 14, 2022/08/07, 11:09:25.041, 3537628744066, vstest.console.dll, TestRunRequest:SendTestRunStatsChange: Completed.
TpTrace Verbose: 0 : 25232, 14, 2022/08/07, 11:09:25.041, 3537628745652, vstest.console.dll, ParallelProxyExecutionManager: HandlePartialRunComplete: Total completed clients = 1, Run complete = True, Run canceled: False.
TpTrace Verbose: 0 : 25232, 14, 2022/08/07, 11:09:25.061, 3537628943387, vstest.console.dll, TestRunRequest:TestRunComplete: Starting. IsAborted:False IsCanceled:False.
TpTrace Verbose: 0 : 25232, 14, 2022/08/07, 11:09:25.061, 3537628945525, vstest.console.dll, TestLoggerManager.HandleTestRunComplete: Ignoring as the object is disposed.
TpTrace Information: 0 : 25232, 14, 2022/08/07, 11:09:25.062, 3537628948508, vstest.console.dll, TestRunRequest:TestRunComplete: Completed.
TpTrace Verbose: 0 : 25232, 14, 2022/08/07, 11:09:25.062, 3537628949186, vstest.console.dll, TestRequestSender.SetOperationComplete: Setting operation complete.
TpTrace Information: 0 : 25232, 14, 2022/08/07, 11:09:25.062, 3537628949549, vstest.console.dll, SocketServer.Stop: Stop server endPoint: 127.0.0.1:55929
TpTrace Verbose: 0 : 25232, 1, 2022/08/07, 11:09:25.062, 3537628949513, vstest.console.dll, TestRunRequest.Dispose: Starting.
TpTrace Information: 0 : 25232, 14, 2022/08/07, 11:09:25.062, 3537628949902, vstest.console.dll, SocketServer.Stop: Cancellation requested. Stopping message loop.
TpTrace Information: 0 : 25232, 1, 2022/08/07, 11:09:25.062, 3537628950662, vstest.console.dll, TestRunRequest.Dispose: Completed.
TpTrace Information: 0 : 25232, 14, 2022/08/07, 11:09:25.062, 3537628951336, vstest.console.dll, SocketServer.PrivateStop: Stopping server endPoint: 127.0.0.1:55929 error: 
TpTrace Information: 0 : 25232, 1, 2022/08/07, 11:09:25.062, 3537628951584, vstest.console.dll, TestRequestManager.RunTests: run tests completed.
TpTrace Information: 0 : 25232, 1, 2022/08/07, 11:09:25.062, 3537628952741, vstest.console.dll, RunTestsArgumentProcessor:Execute: Test run is completed.
TpTrace Verbose: 0 : 25232, 1, 2022/08/07, 11:09:25.062, 3537628954291, vstest.console.dll, Executor.Execute: Exiting with exit code of 0
TpTrace Verbose: 0 : 25232, 14, 2022/08/07, 11:09:25.063, 3537628956543, vstest.console.dll, LengthPrefixCommunicationChannel.Dispose: Dispose reader and writer.
TpTrace Information: 0 : 25232, 14, 2022/08/07, 11:09:25.063, 3537628957841, vstest.console.dll, SocketServer.Stop: Raise disconnected event endPoint: 127.0.0.1:55929 error: 
TpTrace Verbose: 0 : 25232, 14, 2022/08/07, 11:09:25.063, 3537628958673, vstest.console.dll, TestRequestSender: OnTestRunAbort: Operation is already complete. Skip error message.
TpTrace Verbose: 0 : 25232, 14, 2022/08/07, 11:09:25.063, 3537628959047, vstest.console.dll, TcpClientExtensions.MessageLoopAsync: exiting MessageLoopAsync remoteEndPoint: 127.0.0.1:55930 localEndPoint: 127.0.0.1:55929
